[debug] [2021-10-18T18:23:49.445Z] ----------------------------------------------------------------------
[debug] [2021-10-18T18:23:49.446Z] Command:       /opt/homebrew/Cellar/node/16.5.0/bin/node /opt/homebrew/bin/firebase deploy --only hosting,storage
[debug] [2021-10-18T18:23:49.446Z] CLI Version:   9.20.0
[debug] [2021-10-18T18:23:49.446Z] Platform:      darwin
[debug] [2021-10-18T18:23:49.446Z] Node Version:  v16.5.0
[debug] [2021-10-18T18:23:49.447Z] Time:          Mon Oct 18 2021 23:53:49 GMT+0530 (India Standard Time)
[debug] [2021-10-18T18:23:49.447Z] ----------------------------------------------------------------------
[debug] 
[debug] [2021-10-18T18:23:49.472Z] > command requires scopes: ["email","openid","https://www.googleapis.com/auth/cloudplatformprojects.readonly","https://www.googleapis.com/auth/firebase","https://www.googleapis.com/auth/cloud-platform"]
[debug] [2021-10-18T18:23:49.472Z] > authorizing via signed-in user (tradexploration@gmail.com)
[debug] [2021-10-18T18:23:49.472Z] [iam] checking project foyer-ba835 for permissions ["firebase.projects.get","firebasehosting.sites.update"]
[debug] [2021-10-18T18:23:49.473Z] > refreshing access token with scopes: ["email","https://www.googleapis.com/auth/cloud-platform","https://www.googleapis.com/auth/cloudplatformprojects.readonly","https://www.googleapis.com/auth/firebase","openid"]
[debug] [2021-10-18T18:23:49.473Z] >>> HTTP REQUEST POST https://www.googleapis.com/oauth2/v3/token  
 <request body omitted>
[debug] [2021-10-18T18:23:49.636Z] <<< HTTP RESPONSE 200 {"expires":"Mon, 01 Jan 1990 00:00:00 GMT","pragma":"no-cache","date":"Mon, 18 Oct 2021 18:23:49 GMT","cache-control":"no-cache, no-store, max-age=0, must-revalidate","content-type":"application/json; charset=utf-8","vary":"X-Origin, Referer, Origin,Accept-Encoding","server":"scaffolding on HTTPServer2","x-xss-protection":"0","x-frame-options":"SAMEORIGIN","x-content-type-options":"nosniff","alt-svc":"h3=\":443\"; ma=2592000,h3-29=\":443\"; ma=2592000,h3-T051=\":443\"; ma=2592000,h3-Q050=\":443\"; ma=2592000,h3-Q046=\":443\"; ma=2592000,h3-Q043=\":443\"; ma=2592000,quic=\":443\"; ma=2592000; v=\"46,43\"","accept-ranges":"none","transfer-encoding":"chunked"}
[debug] [2021-10-18T18:23:49.681Z] >>> HTTP REQUEST POST https://cloudresourcemanager.googleapis.com/v1/projects/foyer-ba835:testIamPermissions  
 {"permissions":["firebase.projects.get","firebasehosting.sites.update"]}
[debug] [2021-10-18T18:23:51.035Z] <<< HTTP RESPONSE 200 {"content-type":"application/json; charset=UTF-8","vary":"X-Origin, Referer, Origin,Accept-Encoding","date":"Mon, 18 Oct 2021 18:23:50 GMT","server":"ESF","cache-control":"private","x-xss-protection":"0","x-frame-options":"SAMEORIGIN","x-content-type-options":"nosniff","server-timing":"gfet4t7; dur=1219","alt-svc":"h3=\":443\"; ma=2592000,h3-29=\":443\"; ma=2592000,h3-T051=\":443\"; ma=2592000,h3-Q050=\":443\"; ma=2592000,h3-Q046=\":443\"; ma=2592000,h3-Q043=\":443\"; ma=2592000,quic=\":443\"; ma=2592000; v=\"46,43\"","accept-ranges":"none","transfer-encoding":"chunked"}
[debug] [2021-10-18T18:23:51.037Z] > refreshing access token with scopes: []
[debug] [2021-10-18T18:23:51.037Z] >>> HTTP REQUEST POST https://www.googleapis.com/oauth2/v3/token  
 <request body omitted>
[debug] [2021-10-18T18:23:51.175Z] <<< HTTP RESPONSE 200 {"date":"Mon, 18 Oct 2021 18:23:51 GMT","expires":"Mon, 01 Jan 1990 00:00:00 GMT","pragma":"no-cache","cache-control":"no-cache, no-store, max-age=0, must-revalidate","content-type":"application/json; charset=utf-8","vary":"X-Origin, Referer, Origin,Accept-Encoding","server":"scaffolding on HTTPServer2","x-xss-protection":"0","x-frame-options":"SAMEORIGIN","x-content-type-options":"nosniff","alt-svc":"h3=\":443\"; ma=2592000,h3-29=\":443\"; ma=2592000,h3-T051=\":443\"; ma=2592000,h3-Q050=\":443\"; ma=2592000,h3-Q046=\":443\"; ma=2592000,h3-Q043=\":443\"; ma=2592000,quic=\":443\"; ma=2592000; v=\"46,43\"","accept-ranges":"none","transfer-encoding":"chunked"}
[debug] [2021-10-18T18:23:51.223Z] >>> [apiv2][query] GET https://firebase.googleapis.com/v1beta1/projects/foyer-ba835 [none]
[debug] [2021-10-18T18:23:51.805Z] <<< [apiv2][status] GET https://firebase.googleapis.com/v1beta1/projects/foyer-ba835 200
[debug] [2021-10-18T18:23:51.805Z] <<< [apiv2][body] GET https://firebase.googleapis.com/v1beta1/projects/foyer-ba835 {"projectId":"foyer-ba835","projectNumber":"780614249083","displayName":"Foyer","name":"projects/foyer-ba835","resources":{"hostingSite":"foyer-ba835","storageBucket":"foyer-ba835.appspot.com","locationId":"asia-south1"},"state":"ACTIVE"}
[info] 
[info] === Deploying to 'foyer-ba835'...
[info] 
[info] i  deploying hosting 
[debug] [2021-10-18T18:23:51.809Z] > refreshing access token with scopes: ["email","https://www.googleapis.com/auth/cloud-platform","https://www.googleapis.com/auth/cloudplatformprojects.readonly","https://www.googleapis.com/auth/firebase","openid"]
[debug] [2021-10-18T18:23:51.810Z] >>> HTTP REQUEST POST https://www.googleapis.com/oauth2/v3/token  
 <request body omitted>
[debug] [2021-10-18T18:23:51.952Z] <<< HTTP RESPONSE 200 {"pragma":"no-cache","date":"Mon, 18 Oct 2021 18:23:51 GMT","expires":"Mon, 01 Jan 1990 00:00:00 GMT","cache-control":"no-cache, no-store, max-age=0, must-revalidate","content-type":"application/json; charset=utf-8","vary":"X-Origin, Referer, Origin,Accept-Encoding","server":"scaffolding on HTTPServer2","x-xss-protection":"0","x-frame-options":"SAMEORIGIN","x-content-type-options":"nosniff","alt-svc":"h3=\":443\"; ma=2592000,h3-29=\":443\"; ma=2592000,h3-T051=\":443\"; ma=2592000,h3-Q050=\":443\"; ma=2592000,h3-Q046=\":443\"; ma=2592000,h3-Q043=\":443\"; ma=2592000,quic=\":443\"; ma=2592000; v=\"46,43\"","accept-ranges":"none","transfer-encoding":"chunked"}
[debug] [2021-10-18T18:23:51.998Z] >>> HTTP REQUEST POST https://firebasehosting.googleapis.com/v1beta1/sites/foyer-ba835/versions  
 {"config":{"rewrites":[{"glob":"**","path":"/index.html"}]},"labels":{"deployment-tool":"cli-firebase"}}
[debug] [2021-10-18T18:23:53.767Z] <<< HTTP RESPONSE 200 {"content-type":"application/json; charset=UTF-8","vary":"X-Origin, Referer, Origin,Accept-Encoding","date":"Mon, 18 Oct 2021 18:23:53 GMT","server":"ESF","cache-control":"private","x-xss-protection":"0","x-frame-options":"SAMEORIGIN","x-content-type-options":"nosniff","alt-svc":"h3=\":443\"; ma=2592000,h3-29=\":443\"; ma=2592000,h3-T051=\":443\"; ma=2592000,h3-Q050=\":443\"; ma=2592000,h3-Q046=\":443\"; ma=2592000,h3-Q043=\":443\"; ma=2592000,quic=\":443\"; ma=2592000; v=\"46,43\"","accept-ranges":"none","transfer-encoding":"chunked"}
[info] i  hosting[foyer-ba835]: beginning deploy... 
[info] i  hosting[foyer-ba835]: found 22 files in build 
[debug] [2021-10-18T18:23:54.222Z] > refreshing access token with scopes: []
[debug] [2021-10-18T18:23:54.222Z] >>> HTTP REQUEST POST https://www.googleapis.com/oauth2/v3/token  
 <request body omitted>
[debug] [2021-10-18T18:23:54.224Z] [hosting] hash cache [YnVpbGQ] stored for 22 files
[debug] [2021-10-18T18:23:54.224Z] [hosting][hash queue][FINAL] {"max":435,"min":10,"avg":33.72727272727273,"active":0,"complete":22,"success":22,"errored":0,"retried":0,"total":22,"elapsed":441}
[debug] [2021-10-18T18:23:54.550Z] <<< HTTP RESPONSE 200 {"expires":"Mon, 01 Jan 1990 00:00:00 GMT","pragma":"no-cache","cache-control":"no-cache, no-store, max-age=0, must-revalidate","date":"Mon, 18 Oct 2021 18:23:54 GMT","content-type":"application/json; charset=utf-8","vary":"X-Origin, Referer, Origin,Accept-Encoding","server":"scaffolding on HTTPServer2","x-xss-protection":"0","x-frame-options":"SAMEORIGIN","x-content-type-options":"nosniff","alt-svc":"h3=\":443\"; ma=2592000,h3-29=\":443\"; ma=2592000,h3-T051=\":443\"; ma=2592000,h3-Q050=\":443\"; ma=2592000,h3-Q046=\":443\"; ma=2592000,h3-Q043=\":443\"; ma=2592000,quic=\":443\"; ma=2592000; v=\"46,43\"","accept-ranges":"none","transfer-encoding":"chunked"}
[debug] [2021-10-18T18:23:54.596Z] >>> [apiv2][query] POST https://firebasehosting.googleapis.com/v1beta1/sites/foyer-ba835/versions/293db54d7d1886fd:populateFiles [none]
[debug] [2021-10-18T18:23:54.596Z] >>> [apiv2][body] POST https://firebasehosting.googleapis.com/v1beta1/sites/foyer-ba835/versions/293db54d7d1886fd:populateFiles {"files":{"/asset-manifest.json":"51c0a51205ebd46a618d1a9ca3bac0bc7c651458e72d2e9ba1917ae0520926c5","/favicon.ico":"b72f7455f00e4e58792d2bca892abb068e2213838c0316d6b7a0d6d16acd1955","/robots.txt":"391d14b3c2f8c9143a27a28c7399585142228d4d1bdbe2c87ac946de411fa9a2","/static/css/2.450bcdb5.chunk.css":"0bb0080e0379eef43516f5fbee0dc1cf83234fa3904ef87e3a4436b9df06a2ba","/index.html":"620286c422f9f3a23e360e7a8313fbe77536bebcc28b869efd6862c85e84282f","/logo192.png":"caff018b7f1e8fd481eb1c50d75b0ef236bcd5078b1d15c8bb348453fee30293","/static/css/2.450bcdb5.chunk.css.map":"562dc426301148e0cecbe3e65ca29432b34e6896387ad13592d4adf1ddcfbf66","/logo512.png":"191fc21360b4ccfb1cda11a1efb97f489ed22672ca83f4064316802bbfdd750e","/static/js/2.d1e18f0d.chunk.js.LICENSE.txt":"087c403b4936f6f2bb3bc4824114bc44c9dfb9fe89c27f42d466db984b3f6f38","/static/css/main.0461c4d1.chunk.css":"16b9835563511d1af23431e4ee7e682003e449b206555cfe5febf6d8b228be73","/static/css/main.0461c4d1.chunk.css.map":"fa0e622f15db4eb716cae5ff7f85389ccb3e0af81c12b39f41829cb198df02c7","/static/js/main.33934b37.chunk.js":"4e5d76d4b955c6110a203be665d6cf7b870c9d8921e8b08d5760a2d15534156f","/static/js/runtime-main.ef6009b9.js":"8ceb8a8ca6a0fccb346c610c6500396ce05afcd67addee361fe492fda28036fd","/static/js/runtime-main.ef6009b9.js.map":"01e396e7200dbb5280a82268aa7cba3d72a3386399493fcf1fde0cfab661167c","/404.html":"05cbc6f94d7a69ce2e29646eab13be2c884e61ba93e3094df5028866876d18b3","/manifest.json":"341d52628782f8ac9290bbfc43298afccb47b7cbfcee146ae30cf0f46bc30900","/static/media/logo.dbf9f146.png":"ead205d01155d212042def5786e5dae5fc4785937a5d2f16598375ee6dd54b1e","/static/media/welcomePage.3d614dd3.png":"2f37f026553a3e963fd721faaa06761ca2503783276d71495355fc0f083fa5aa","/logo.png":"ead205d01155d212042def5786e5dae5fc4785937a5d2f16598375ee6dd54b1e","/static/js/main.33934b37.chunk.js.map":"6cd3527828e7506d449804ab617ffe9dd576b260c2580e8da7bfb360bdd98125","/static/js/2.d1e18f0d.chunk.js":"c60927d7a43e640e87a9061957805cc2ef27d12bdf6abdf6316e2267d24193b0","/static/js/2.d1e18f0d.chunk.js.map":"82ef5c1f73c02136707e7f0c75e8b3fe753f470e0dcfc99805308ac478b3e086"}}
[debug] [2021-10-18T18:23:57.248Z] <<< [apiv2][status] POST https://firebasehosting.googleapis.com/v1beta1/sites/foyer-ba835/versions/293db54d7d1886fd:populateFiles 200
[debug] [2021-10-18T18:23:57.248Z] <<< [apiv2][body] POST https://firebasehosting.googleapis.com/v1beta1/sites/foyer-ba835/versions/293db54d7d1886fd:populateFiles {"uploadRequiredHashes":["620286c422f9f3a23e360e7a8313fbe77536bebcc28b869efd6862c85e84282f","6cd3527828e7506d449804ab617ffe9dd576b260c2580e8da7bfb360bdd98125","51c0a51205ebd46a618d1a9ca3bac0bc7c651458e72d2e9ba1917ae0520926c5","4e5d76d4b955c6110a203be665d6cf7b870c9d8921e8b08d5760a2d15534156f"],"uploadUrl":"https://upload-firebasehosting.googleapis.com/upload/sites/foyer-ba835/versions/293db54d7d1886fd/files"}
[debug] [2021-10-18T18:23:57.249Z] >>> [apiv2][query] POST https://upload-firebasehosting.googleapis.com/upload/sites/foyer-ba835/versions/293db54d7d1886fd/files/620286c422f9f3a23e360e7a8313fbe77536bebcc28b869efd6862c85e84282f [none]
[debug] [2021-10-18T18:23:57.250Z] >>> [apiv2][body] POST https://upload-firebasehosting.googleapis.com/upload/sites/foyer-ba835/versions/293db54d7d1886fd/files/620286c422f9f3a23e360e7a8313fbe77536bebcc28b869efd6862c85e84282f [stream]
[debug] [2021-10-18T18:23:57.252Z] >>> [apiv2][query] POST https://upload-firebasehosting.googleapis.com/upload/sites/foyer-ba835/versions/293db54d7d1886fd/files/6cd3527828e7506d449804ab617ffe9dd576b260c2580e8da7bfb360bdd98125 [none]
[debug] [2021-10-18T18:23:57.252Z] >>> [apiv2][body] POST https://upload-firebasehosting.googleapis.com/upload/sites/foyer-ba835/versions/293db54d7d1886fd/files/6cd3527828e7506d449804ab617ffe9dd576b260c2580e8da7bfb360bdd98125 [stream]
[debug] [2021-10-18T18:23:57.253Z] >>> [apiv2][query] POST https://upload-firebasehosting.googleapis.com/upload/sites/foyer-ba835/versions/293db54d7d1886fd/files/51c0a51205ebd46a618d1a9ca3bac0bc7c651458e72d2e9ba1917ae0520926c5 [none]
[debug] [2021-10-18T18:23:57.253Z] >>> [apiv2][body] POST https://upload-firebasehosting.googleapis.com/upload/sites/foyer-ba835/versions/293db54d7d1886fd/files/51c0a51205ebd46a618d1a9ca3bac0bc7c651458e72d2e9ba1917ae0520926c5 [stream]
[debug] [2021-10-18T18:23:57.255Z] >>> [apiv2][query] POST https://upload-firebasehosting.googleapis.com/upload/sites/foyer-ba835/versions/293db54d7d1886fd/files/4e5d76d4b955c6110a203be665d6cf7b870c9d8921e8b08d5760a2d15534156f [none]
[debug] [2021-10-18T18:23:57.255Z] >>> [apiv2][body] POST https://upload-firebasehosting.googleapis.com/upload/sites/foyer-ba835/versions/293db54d7d1886fd/files/4e5d76d4b955c6110a203be665d6cf7b870c9d8921e8b08d5760a2d15534156f [stream]
[debug] [2021-10-18T18:23:57.257Z] [hosting][populate queue][FINAL] {"max":3027,"min":3027,"avg":3027,"active":0,"complete":1,"success":1,"errored":0,"retried":0,"total":1,"elapsed":3035}
[debug] [2021-10-18T18:23:57.257Z] [hosting] uploads queued: 4
